# JRE version: OpenJDK Runtime Environment (21.0.10) (build 21.0.10+-14961533-b1163.108)
# Java VM: OpenJDK 64-Bit Server VM (21.0.10+-14961533-b1163.108, mixed mode, tiered, compressed oops, compressed class ptrs, g1 gc, windows-amd64)
GC Precious Log:
 CardTable entry size: 512
 Card Set container configuration: InlinePtr #cards 4 size 8 Array Of Cards #cards 16 size 48 Howl #buckets 8 coarsen threshold 3686 Howl Bitmap #cards 512 size 80 coarsen threshold 460 Card regions per heap region 1 cards per card region 4096
 CPUs: 12 total, 12 available
 Memory: 16164M
 Large Page Support: Disabled
 NUMA Support: Disabled
 Compressed Oops: Enabled (Zero based)
 Heap Region Size: 2M
 Heap Min Capacity: 8M
 Heap Initial Capacity: 254M
 Heap Max Capacity: 4042M
 Pre-touch: Disabled
 Parallel Workers: 10
 Concurrent Workers: 3
 Concurrent Refinement Workers: 10
 Periodic GC: Disabled
Heap:
 garbage-first heap   total 155648K, used 64431K [0x0000000703600000, 0x0000000800000000)
  region size 2048K, 21 young (43008K), 1 survivors (2048K)
 Metaspace       used 42536K, committed 42752K, reserved 1114112K
  class space    used 5099K, committed 5184K, reserved 1048576K
GC Heap History (14 events):
Event: 0.513 GC heap before
{Heap before GC invocations=0 (full 0):
 garbage-first heap   total 260096K, used 24576K [0x0000000703600000, 0x0000000800000000)
  region size 2048K, 11 young (22528K), 0 survivors (0K)
 Metaspace       used 14349K, committed 14528K, reserved 1114112K
  class space    used 1341K, committed 1408K, reserved 1048576K
}
Event: 0.516 GC heap after
{Heap after GC invocations=1 (full 0):
 garbage-first heap   total 260096K, used 7263K [0x0000000703600000, 0x0000000800000000)
  region size 2048K, 2 young (4096K), 2 survivors (4096K)
 Metaspace       used 14349K, committed 14528K, reserved 1114112K
  class space    used 1341K, committed 1408K, reserved 1048576K
}
Event: 0.873 GC heap before
{Heap before GC invocations=1 (full 0):
 garbage-first heap   total 260096K, used 31839K [0x0000000703600000, 0x0000000800000000)
  region size 2048K, 15 young (30720K), 2 survivors (4096K)
 Metaspace       used 21328K, committed 21504K, reserved 1114112K
  class space    used 2287K, committed 2368K, reserved 1048576K
}
Event: 0.877 GC heap after
{Heap after GC invocations=2 (full 0):
 garbage-first heap   total 260096K, used 8985K [0x0000000703600000, 0x0000000800000000)
  region size 2048K, 3 young (6144K), 3 survivors (6144K)
 Metaspace       used 21328K, committed 21504K, reserved 1114112K
  class space    used 2287K, committed 2368K, reserved 1048576K
}
Event: 1.117 GC heap before
{Heap before GC invocations=3 (full 0):
 garbage-first heap   total 34816K, used 33561K [0x0000000703600000, 0x0000000800000000)
  region size 2048K, 15 young (30720K), 3 survivors (6144K)
 Metaspace       used 25567K, committed 25792K, reserved 1114112K
  class space    used 2821K, committed 2944K, reserved 1048576K
}
Event: 1.124 GC heap after
{Heap after GC invocations=4 (full 0):
 garbage-first heap   total 45056K, used 14336K [0x0000000703600000, 0x0000000800000000)
  region size 2048K, 5 young (10240K), 5 survivors (10240K)
 Metaspace       used 25567K, committed 25792K, reserved 1114112K
  class space    used 2821K, committed 2944K, reserved 1048576K
}
Event: 1.172 GC heap before
{Heap before GC invocations=4 (full 0):
 garbage-first heap   total 45056K, used 30720K [0x0000000703600000, 0x0000000800000000)
  region size 2048K, 13 young (26624K), 5 survivors (10240K)
 Metaspace       used 25605K, committed 25856K, reserved 1114112K
  class space    used 2821K, committed 2944K, reserved 1048576K
}
Event: 1.180 GC heap after
{Heap after GC invocations=5 (full 0):
 garbage-first heap   total 49152K, used 21254K [0x0000000703600000, 0x0000000800000000)
  region size 2048K, 2 young (4096K), 2 survivors (4096K)
 Metaspace       used 25605K, committed 25856K, reserved 1114112K
  class space    used 2821K, committed 2944K, reserved 1048576K
}
Event: 1.388 GC heap before
{Heap before GC invocations=5 (full 0):
 garbage-first heap   total 49152K, used 35590K [0x0000000703600000, 0x0000000800000000)
  region size 2048K, 9 young (18432K), 2 survivors (4096K)
 Metaspace       used 27812K, committed 28096K, reserved 1114112K
  class space    used 3058K, committed 3200K, reserved 1048576K
}
Event: 1.393 GC heap after
{Heap after GC invocations=6 (full 0):
 garbage-first heap   total 49152K, used 25691K [0x0000000703600000, 0x0000000800000000)
  region size 2048K, 2 young (4096K), 2 survivors (4096K)
 Metaspace       used 27812K, committed 28096K, reserved 1114112K
  class space    used 3058K, committed 3200K, reserved 1048576K
}
Event: 1.502 GC heap before
{Heap before GC invocations=6 (full 0):
 garbage-first heap   total 49152K, used 37979K [0x0000000703600000, 0x0000000800000000)
  region size 2048K, 8 young (16384K), 2 survivors (4096K)
 Metaspace       used 30467K, committed 30720K, reserved 1114112K
  class space    used 3399K, committed 3520K, reserved 1048576K
}
Event: 1.504 GC heap after
{Heap after GC invocations=7 (full 0):
 garbage-first heap   total 49152K, used 25943K [0x0000000703600000, 0x0000000800000000)
  region size 2048K, 1 young (2048K), 1 survivors (2048K)
 Metaspace       used 30467K, committed 30720K, reserved 1114112K
  class space    used 3399K, committed 3520K, reserved 1048576K
}
Event: 1.672 GC heap before
{Heap before GC invocations=8 (full 0):
 garbage-first heap   total 49152K, used 36183K [0x0000000703600000, 0x0000000800000000)
  region size 2048K, 7 young (14336K), 1 survivors (2048K)
 Metaspace       used 34030K, committed 34240K, reserved 1114112K
  class space    used 4254K, committed 4352K, reserved 1048576K
}
Event: 1.676 GC heap after
{Heap after GC invocations=9 (full 0):
 garbage-first heap   total 155648K, used 27567K [0x0000000703600000, 0x0000000800000000)
  region size 2048K, 1 young (2048K), 1 survivors (2048K)
 Metaspace       used 34030K, committed 34240K, reserved 1114112K
  class space    used 4254K, committed 4352K, reserved 1048576K
}

