# JRE version: OpenJDK Runtime Environment (21.0.10) (build 21.0.10+-14961533-b1163.108)
# Java VM: OpenJDK 64-Bit Server VM (21.0.10+-14961533-b1163.108, mixed mode, tiered, compressed oops, compressed class ptrs, g1 gc, windows-amd64)
GC Precious Log:
 CardTable entry size: 512
 Card Set container configuration: InlinePtr #cards 4 size 8 Array Of Cards #cards 16 size 48 Howl #buckets 8 coarsen threshold 3686 Howl Bitmap #cards 512 size 80 coarsen threshold 460 Card regions per heap region 1 cards per card region 4096
 CPUs: 12 total, 12 available
 Memory: 16164M
 Large Page Support: Disabled
 NUMA Support: Disabled
 Compressed Oops: Enabled (Zero based)
 Heap Region Size: 2M
 Heap Min Capacity: 8M
 Heap Initial Capacity: 254M
 Heap Max Capacity: 4042M
 Pre-touch: Disabled
 Parallel Workers: 10
 Concurrent Workers: 3
 Concurrent Refinement Workers: 10
 Periodic GC: Disabled
Heap:
 garbage-first heap   total 262144K, used 181299K [0x0000000703600000, 0x0000000800000000)
  region size 2048K, 8 young (16384K), 4 survivors (8192K)
 Metaspace       used 84889K, committed 85184K, reserved 1179648K
  class space    used 9235K, committed 9344K, reserved 1048576K
GC Heap History (20 events):
Event: 4.340 GC heap before
{Heap before GC invocations=16 (full 0):
 garbage-first heap   total 147456K, used 123511K [0x0000000703600000, 0x0000000800000000)
  region size 2048K, 19 young (38912K), 3 survivors (6144K)
 Metaspace       used 56716K, committed 56960K, reserved 1114112K
  class space    used 6606K, committed 6720K, reserved 1048576K
}
Event: 4.350 GC heap after
{Heap after GC invocations=17 (full 0):
 garbage-first heap   total 147456K, used 98304K [0x0000000703600000, 0x0000000800000000)
  region size 2048K, 3 young (6144K), 3 survivors (6144K)
 Metaspace       used 56716K, committed 56960K, reserved 1114112K
  class space    used 6606K, committed 6720K, reserved 1048576K
}
Event: 5.151 GC heap before
{Heap before GC invocations=18 (full 0):
 garbage-first heap   total 163840K, used 124928K [0x0000000703600000, 0x0000000800000000)
  region size 2048K, 17 young (34816K), 3 survivors (6144K)
 Metaspace       used 60849K, committed 61184K, reserved 1114112K
  class space    used 7073K, committed 7232K, reserved 1048576K
}
Event: 5.163 GC heap after
{Heap after GC invocations=19 (full 0):
 garbage-first heap   total 163840K, used 103202K [0x0000000703600000, 0x0000000800000000)
  region size 2048K, 3 young (6144K), 3 survivors (6144K)
 Metaspace       used 60849K, committed 61184K, reserved 1114112K
  class space    used 7073K, committed 7232K, reserved 1048576K
}
Event: 6.353 GC heap before
{Heap before GC invocations=19 (full 0):
 garbage-first heap   total 163840K, used 140066K [0x0000000703600000, 0x0000000800000000)
  region size 2048K, 21 young (43008K), 3 survivors (6144K)
 Metaspace       used 63331K, committed 63616K, reserved 1114112K
  class space    used 7254K, committed 7424K, reserved 1048576K
}
Event: 6.371 GC heap after
{Heap after GC invocations=20 (full 0):
 garbage-first heap   total 163840K, used 107335K [0x0000000703600000, 0x0000000800000000)
  region size 2048K, 3 young (6144K), 3 survivors (6144K)
 Metaspace       used 63331K, committed 63616K, reserved 1114112K
  class space    used 7254K, committed 7424K, reserved 1048576K
}
Event: 7.299 GC heap before
{Heap before GC invocations=20 (full 0):
 garbage-first heap   total 163840K, used 142151K [0x0000000703600000, 0x0000000800000000)
  region size 2048K, 20 young (40960K), 3 survivors (6144K)
 Metaspace       used 64336K, committed 64704K, reserved 1114112K
  class space    used 7323K, committed 7488K, reserved 1048576K
}
Event: 7.314 GC heap after
{Heap after GC invocations=21 (full 0):
 garbage-first heap   total 249856K, used 112580K [0x0000000703600000, 0x0000000800000000)
  region size 2048K, 3 young (6144K), 3 survivors (6144K)
 Metaspace       used 64336K, committed 64704K, reserved 1114112K
  class space    used 7323K, committed 7488K, reserved 1048576K
}
Event: 9.063 GC heap before
{Heap before GC invocations=22 (full 0):
 garbage-first heap   total 249856K, used 202692K [0x0000000703600000, 0x0000000800000000)
  region size 2048K, 47 young (96256K), 3 survivors (6144K)
 Metaspace       used 65083K, committed 65344K, reserved 1114112K
  class space    used 7347K, committed 7488K, reserved 1048576K
}
Event: 9.075 GC heap after
{Heap after GC invocations=23 (full 0):
 garbage-first heap   total 249856K, used 124922K [0x0000000703600000, 0x0000000800000000)
  region size 2048K, 6 young (12288K), 6 survivors (12288K)
 Metaspace       used 65083K, committed 65344K, reserved 1114112K
  class space    used 7347K, committed 7488K, reserved 1048576K
}
Event: 10.565 GC heap before
{Heap before GC invocations=23 (full 0):
 garbage-first heap   total 249856K, used 206842K [0x0000000703600000, 0x0000000800000000)
  region size 2048K, 46 young (94208K), 6 survivors (12288K)
 Metaspace       used 65604K, committed 65920K, reserved 1114112K
  class space    used 7357K, committed 7488K, reserved 1048576K
}
Event: 10.579 GC heap after
{Heap after GC invocations=24 (full 0):
 garbage-first heap   total 249856K, used 132254K [0x0000000703600000, 0x0000000800000000)
  region size 2048K, 4 young (8192K), 4 survivors (8192K)
 Metaspace       used 65604K, committed 65920K, reserved 1114112K
  class space    used 7357K, committed 7488K, reserved 1048576K
}
Event: 13.320 GC heap before
{Heap before GC invocations=24 (full 0):
 garbage-first heap   total 249856K, used 212126K [0x0000000703600000, 0x0000000800000000)
  region size 2048K, 43 young (88064K), 4 survivors (8192K)
 Metaspace       used 73393K, committed 73664K, reserved 1179648K
  class space    used 8239K, committed 8384K, reserved 1048576K
}
Event: 13.337 GC heap after
{Heap after GC invocations=25 (full 0):
 garbage-first heap   total 249856K, used 142761K [0x0000000703600000, 0x0000000800000000)
  region size 2048K, 5 young (10240K), 5 survivors (10240K)
 Metaspace       used 73393K, committed 73664K, reserved 1179648K
  class space    used 8239K, committed 8384K, reserved 1048576K
}
Event: 14.876 GC heap before
{Heap before GC invocations=26 (full 0):
 garbage-first heap   total 249856K, used 218537K [0x0000000703600000, 0x0000000800000000)
  region size 2048K, 42 young (86016K), 5 survivors (10240K)
 Metaspace       used 76142K, committed 76416K, reserved 1179648K
  class space    used 8478K, committed 8576K, reserved 1048576K
}
Event: 14.895 GC heap after
{Heap after GC invocations=27 (full 0):
 garbage-first heap   total 249856K, used 154975K [0x0000000703600000, 0x0000000800000000)
  region size 2048K, 6 young (12288K), 6 survivors (12288K)
 Metaspace       used 76142K, committed 76416K, reserved 1179648K
  class space    used 8478K, committed 8576K, reserved 1048576K
}
Event: 16.170 GC heap before
{Heap before GC invocations=27 (full 0):
 garbage-first heap   total 249856K, used 220511K [0x0000000703600000, 0x0000000800000000)
  region size 2048K, 38 young (77824K), 6 survivors (12288K)
 Metaspace       used 81679K, committed 82048K, reserved 1179648K
  class space    used 8942K, committed 9088K, reserved 1048576K
}
Event: 16.187 GC heap after
{Heap after GC invocations=28 (full 0):
 garbage-first heap   total 249856K, used 165888K [0x0000000703600000, 0x0000000800000000)
  region size 2048K, 5 young (10240K), 5 survivors (10240K)
 Metaspace       used 81679K, committed 82048K, reserved 1179648K
  class space    used 8942K, committed 9088K, reserved 1048576K
}
Event: 16.979 GC heap before
{Heap before GC invocations=28 (full 0):
 garbage-first heap   total 249856K, used 221184K [0x0000000703600000, 0x0000000800000000)
  region size 2048K, 32 young (65536K), 5 survivors (10240K)
 Metaspace       used 84840K, committed 85120K, reserved 1179648K
  class space    used 9234K, committed 9344K, reserved 1048576K
}
Event: 16.994 GC heap after
{Heap after GC invocations=29 (full 0):
 garbage-first heap   total 249856K, used 175155K [0x0000000703600000, 0x0000000800000000)
  region size 2048K, 4 young (8192K), 4 survivors (8192K)
 Metaspace       used 84840K, committed 85120K, reserved 1179648K
  class space    used 9234K, committed 9344K, reserved 1048576K
}

