# JRE version: OpenJDK Runtime Environment (21.0.10) (build 21.0.10+-14961533-b1163.108)
# Java VM: OpenJDK 64-Bit Server VM (21.0.10+-14961533-b1163.108, mixed mode, tiered, compressed oops, compressed class ptrs, g1 gc, windows-amd64)
GC Precious Log:
 CardTable entry size: 512
 Card Set container configuration: InlinePtr #cards 4 size 8 Array Of Cards #cards 16 size 48 Howl #buckets 8 coarsen threshold 3686 Howl Bitmap #cards 512 size 80 coarsen threshold 460 Card regions per heap region 1 cards per card region 4096
 CPUs: 16 total, 16 available
 Memory: 15664M
 Large Page Support: Disabled
 NUMA Support: Disabled
 Compressed Oops: Enabled (Zero based)
 Heap Region Size: 2M
 Heap Min Capacity: 8M
 Heap Initial Capacity: 246M
 Heap Max Capacity: 3918M
 Pre-touch: Disabled
 Parallel Workers: 13
 Concurrent Workers: 3
 Concurrent Refinement Workers: 13
 Periodic GC: Disabled
Heap:
 garbage-first heap   total 366592K, used 279772K [0x000000070b200000, 0x0000000800000000)
  region size 2048K, 33 young (67584K), 4 survivors (8192K)
 Metaspace       used 101853K, committed 102208K, reserved 1179648K
  class space    used 10665K, committed 10816K, reserved 1048576K
GC Heap History (20 events):
Event: 12.007 GC heap before
{Heap before GC invocations=25 (full 0):
 garbage-first heap   total 239616K, used 210498K [0x000000070b200000, 0x0000000800000000)
  region size 2048K, 33 young (67584K), 4 survivors (8192K)
 Metaspace       used 81901K, committed 82176K, reserved 1179648K
  class space    used 8922K, committed 9024K, reserved 1048576K
}
Event: 12.023 GC heap after
{Heap after GC invocations=26 (full 0):
 garbage-first heap   total 239616K, used 162324K [0x000000070b200000, 0x0000000800000000)
  region size 2048K, 5 young (10240K), 5 survivors (10240K)
 Metaspace       used 81901K, committed 82176K, reserved 1179648K
  class space    used 8922K, committed 9024K, reserved 1048576K
}
Event: 12.626 GC heap before
{Heap before GC invocations=26 (full 0):
 garbage-first heap   total 239616K, used 213524K [0x000000070b200000, 0x0000000800000000)
  region size 2048K, 30 young (61440K), 5 survivors (10240K)
 Metaspace       used 85094K, committed 85376K, reserved 1179648K
  class space    used 9213K, committed 9344K, reserved 1048576K
}
Event: 12.640 GC heap after
{Heap after GC invocations=27 (full 0):
 garbage-first heap   total 288768K, used 170555K [0x000000070b200000, 0x0000000800000000)
  region size 2048K, 4 young (8192K), 4 survivors (8192K)
 Metaspace       used 85094K, committed 85376K, reserved 1179648K
  class space    used 9213K, committed 9344K, reserved 1048576K
}
Event: 13.660 GC heap before
{Heap before GC invocations=28 (full 0):
 garbage-first heap   total 288768K, used 248379K [0x000000070b200000, 0x0000000800000000)
  region size 2048K, 42 young (86016K), 4 survivors (8192K)
 Metaspace       used 87125K, committed 87488K, reserved 1179648K
  class space    used 9387K, committed 9536K, reserved 1048576K
}
Event: 13.674 GC heap after
{Heap after GC invocations=29 (full 0):
 garbage-first heap   total 288768K, used 184641K [0x000000070b200000, 0x0000000800000000)
  region size 2048K, 6 young (12288K), 6 survivors (12288K)
 Metaspace       used 87125K, committed 87488K, reserved 1179648K
  class space    used 9387K, committed 9536K, reserved 1048576K
}
Event: 14.947 GC heap before
{Heap before GC invocations=29 (full 0):
 garbage-first heap   total 288768K, used 254273K [0x000000070b200000, 0x0000000800000000)
  region size 2048K, 40 young (81920K), 6 survivors (12288K)
 Metaspace       used 94095K, committed 94464K, reserved 1179648K
  class space    used 10085K, committed 10240K, reserved 1048576K
}
Event: 14.964 GC heap after
{Heap after GC invocations=30 (full 0):
 garbage-first heap   total 288768K, used 191010K [0x000000070b200000, 0x0000000800000000)
  region size 2048K, 4 young (8192K), 4 survivors (8192K)
 Metaspace       used 94095K, committed 94464K, reserved 1179648K
  class space    used 10085K, committed 10240K, reserved 1048576K
}
Event: 15.962 GC heap before
{Heap before GC invocations=30 (full 0):
 garbage-first heap   total 288768K, used 242210K [0x000000070b200000, 0x0000000800000000)
  region size 2048K, 30 young (61440K), 4 survivors (8192K)
 Metaspace       used 99645K, committed 100096K, reserved 1179648K
  class space    used 10557K, committed 10752K, reserved 1048576K
}
Event: 15.970 GC heap after
{Heap after GC invocations=31 (full 0):
 garbage-first heap   total 288768K, used 195404K [0x000000070b200000, 0x0000000800000000)
  region size 2048K, 2 young (4096K), 2 survivors (4096K)
 Metaspace       used 99645K, committed 100096K, reserved 1179648K
  class space    used 10557K, committed 10752K, reserved 1048576K
}
Event: 16.763 GC heap before
{Heap before GC invocations=32 (full 0):
 garbage-first heap   total 327680K, used 262988K [0x000000070b200000, 0x0000000800000000)
  region size 2048K, 35 young (71680K), 2 survivors (4096K)
 Metaspace       used 100950K, committed 101376K, reserved 1179648K
  class space    used 10631K, committed 10816K, reserved 1048576K
}
Event: 16.768 GC heap after
{Heap after GC invocations=33 (full 0):
 garbage-first heap   total 327680K, used 200111K [0x000000070b200000, 0x0000000800000000)
  region size 2048K, 5 young (10240K), 5 survivors (10240K)
 Metaspace       used 100950K, committed 101376K, reserved 1179648K
  class space    used 10631K, committed 10816K, reserved 1048576K
}
Event: 17.374 GC heap before
{Heap before GC invocations=33 (full 0):
 garbage-first heap   total 327680K, used 292271K [0x000000070b200000, 0x0000000800000000)
  region size 2048K, 50 young (102400K), 5 survivors (10240K)
 Metaspace       used 101264K, committed 101696K, reserved 1179648K
  class space    used 10638K, committed 10816K, reserved 1048576K
}
Event: 17.381 GC heap after
{Heap after GC invocations=34 (full 0):
 garbage-first heap   total 327680K, used 203455K [0x000000070b200000, 0x0000000800000000)
  region size 2048K, 5 young (10240K), 5 survivors (10240K)
 Metaspace       used 101264K, committed 101696K, reserved 1179648K
  class space    used 10638K, committed 10816K, reserved 1048576K
}
Event: 17.903 GC heap before
{Heap before GC invocations=34 (full 0):
 garbage-first heap   total 327680K, used 297663K [0x000000070b200000, 0x0000000800000000)
  region size 2048K, 51 young (104448K), 5 survivors (10240K)
 Metaspace       used 101713K, committed 102080K, reserved 1179648K
  class space    used 10660K, committed 10816K, reserved 1048576K
}
Event: 17.910 GC heap after
{Heap after GC invocations=35 (full 0):
 garbage-first heap   total 327680K, used 206543K [0x000000070b200000, 0x0000000800000000)
  region size 2048K, 5 young (10240K), 5 survivors (10240K)
 Metaspace       used 101713K, committed 102080K, reserved 1179648K
  class space    used 10660K, committed 10816K, reserved 1048576K
}
Event: 18.193 GC heap before
{Heap before GC invocations=35 (full 0):
 garbage-first heap   total 327680K, used 298703K [0x000000070b200000, 0x0000000800000000)
  region size 2048K, 50 young (102400K), 5 survivors (10240K)
 Metaspace       used 101735K, committed 102144K, reserved 1179648K
  class space    used 10660K, committed 10816K, reserved 1048576K
}
Event: 18.205 GC heap after
{Heap after GC invocations=36 (full 0):
 garbage-first heap   total 327680K, used 218276K [0x000000070b200000, 0x0000000800000000)
  region size 2048K, 7 young (14336K), 7 survivors (14336K)
 Metaspace       used 101735K, committed 102144K, reserved 1179648K
  class space    used 10660K, committed 10816K, reserved 1048576K
}
Event: 18.747 GC heap before
{Heap before GC invocations=37 (full 0):
 garbage-first heap   total 366592K, used 298148K [0x000000070b200000, 0x0000000800000000)
  region size 2048K, 46 young (94208K), 7 survivors (14336K)
 Metaspace       used 101840K, committed 102208K, reserved 1179648K
  class space    used 10665K, committed 10816K, reserved 1048576K
}
Event: 18.756 GC heap after
{Heap after GC invocations=38 (full 0):
 garbage-first heap   total 366592K, used 222428K [0x000000070b200000, 0x0000000800000000)
  region size 2048K, 4 young (8192K), 4 survivors (8192K)
 Metaspace       used 101840K, committed 102208K, reserved 1179648K
  class space    used 10665K, committed 10816K, reserved 1048576K
}

